Using pre-set license
Built from '2021.1/staging' branch; Version is '2021.1.0b3 (202fb86be42c) revision 2109368'; Using compiler version '192528614'; Build Type 'Release'
OS: 'Windows 10 Home; OS build 19042.1526; Version 2009; 64bit' Language: 'en' Physical Memory: 16323 MB
BatchMode: 1, IsHumanControllingUs: 0, StartBugReporterOnCrash: 0, Is64bit: 1, IsPro: 0

 COMMAND LINE ARGUMENTS:
C:\Program Files\Unity\Hub\Editor\2021.1.0b3\Editor\Unity.exe
-adb2
-batchMode
-noUpm
-name
AssetImportWorker0
-projectPath
C:/Users/Brand/Desktop/Unity Projects/AI Sim
-logFile
Logs/AssetImportWorker0.log
-srvPort
52598
Successfully changed project path to: C:/Users/Brand/Desktop/Unity Projects/AI Sim
C:/Users/Brand/Desktop/Unity Projects/AI Sim
Using Asset Import Pipeline V2.
Refreshing native plugins compatible for Editor in 64.14 ms, found 1 plugins.
Preloading 0 native plugins for Editor in 0.00 ms.
Initialize engine version: 2021.1.0b3 (202fb86be42c)
[Subsystems] Discovering subsystems at path C:/Program Files/Unity/Hub/Editor/2021.1.0b3/Editor/Data/Resources/UnitySubsystems
[Subsystems] Discovering subsystems at path C:/Users/Brand/Desktop/Unity Projects/AI Sim/Assets
GfxDevice: creating device client; threaded=0; jobified=0
Direct3D:
    Version:  Direct3D 11.0 [level 11.1]
    Renderer: NVIDIA GeForce RTX 2070 SUPER (ID=0x1e84)
    Vendor:   NVIDIA
    VRAM:     8011 MB
    Driver:   30.0.14.7111
Initialize mono
Mono path[0] = 'C:/Program Files/Unity/Hub/Editor/2021.1.0b3/Editor/Data/Managed'
Mono path[1] = 'C:/Program Files/Unity/Hub/Editor/2021.1.0b3/Editor/Data/MonoBleedingEdge/lib/mono/unityjit'
Mono config path = 'C:/Program Files/Unity/Hub/Editor/2021.1.0b3/Editor/Data/MonoBleedingEdge/etc'
Using monoOptions --debugger-agent=transport=dt_socket,embedding=1,server=y,suspend=n,address=127.0.0.1:56076
Begin MonoManager ReloadAssembly
Registering precompiled unity dll's ...
Register platform support module: C:/Program Files/Unity/Hub/Editor/2021.1.0b3/Editor/Data/PlaybackEngines/WebGLSupport/UnityEditor.WebGL.Extensions.dll
Register platform support module: C:/Program Files/Unity/Hub/Editor/2021.1.0b3/Editor/Data/PlaybackEngines/WindowsStandaloneSupport/UnityEditor.WindowsStandalone.Extensions.dll
Registered in 0.003497 seconds.
Native extension for WindowsStandalone target not found
Native extension for WebGL target not found
Refreshing native plugins compatible for Editor in 61.44 ms, found 1 plugins.
Preloading 0 native plugins for Editor in 0.00 ms.
Mono: successfully reloaded assembly
- Completed reload, in  2.034 seconds
Platform modules already initialized, skipping
Registering precompiled user dll's ...
Registered in 0.004733 seconds.
Begin MonoManager ReloadAssembly
Native extension for WindowsStandalone target not found
Native extension for WebGL target not found
Refreshing native plugins compatible for Editor in 0.50 ms, found 1 plugins.
Preloading 0 native plugins for Editor in 0.00 ms.
Mono: successfully reloaded assembly
- Completed reload, in  1.063 seconds
Platform modules already initialized, skipping
========================================================================
Worker process is ready to serve import requests
Launched and connected shader compiler UnityShaderCompiler.exe after 0.06 seconds
Refreshing native plugins compatible for Editor in 0.45 ms, found 1 plugins.
Preloading 0 native plugins for Editor in 0.00 ms.
Unloading 2648 Unused Serialized files (Serialized files now loaded: 0)
System memory in use before: 229.7 MB.
System memory in use after: 229.9 MB.

Unloading 15 unused Assets to reduce memory usage. Loaded Objects now: 3097.
Total: 2.681700 ms (FindLiveObjects: 0.440100 ms CreateObjectMapping: 0.172300 ms MarkObjects: 1.970300 ms  DeleteObjects: 0.097800 ms)

========================================================================
Received Import Request.
  path: Assets/Objects & Textures/Simple Queenbed.blend
  artifactKey: Guid(b82273da20c02a74bb3c26f13303a517) Importer(815301076,1909f56bfc062723c751e8b465ee728b)
Start importing Assets/Objects & Textures/Simple Queenbed.blend using Guid(b82273da20c02a74bb3c26f13303a517) Importer(815301076,1909f56bfc062723c751e8b465ee728b)  -> (artifact id: 'f425d51a0e84447b7648ae63ef421e04') in 0.041311 seconds 
========================================================================
Received Import Request.
  Time since last request: 148.182686 seconds.
  path: Assets/Objects & Textures/Simple Queenbed.fbx
  artifactKey: Guid(2ec4e74a0e8816e46ae039453fe7a4a2) Importer(815301076,1909f56bfc062723c751e8b465ee728b)
Start importing Assets/Objects & Textures/Simple Queenbed.fbx using Guid(2ec4e74a0e8816e46ae039453fe7a4a2) Importer(815301076,1909f56bfc062723c751e8b465ee728b)  -> (artifact id: '08b21c7bd72271af0589e559d4879a6a') in 0.193158 seconds 
========================================================================
Received Import Request.
  Time since last request: 293.795972 seconds.
  path: Assets/Objects & Textures/Simple Queenbed.fbx
  artifactKey: Guid(2ec4e74a0e8816e46ae039453fe7a4a2) Importer(815301076,1909f56bfc062723c751e8b465ee728b)
Start importing Assets/Objects & Textures/Simple Queenbed.fbx using Guid(2ec4e74a0e8816e46ae039453fe7a4a2) Importer(815301076,1909f56bfc062723c751e8b465ee728b)  -> (artifact id: '46356c5106edc0f4c5dd0cbd07d79795') in 0.069667 seconds 
========================================================================
Received Import Request.
  Time since last request: 250.507433 seconds.
  path: Assets/Objects & Textures/textures/New Material.mat
  artifactKey: Guid(35a5ca0fb5d2c9d42a6ab02cb89f7f0c) Importer(815301076,1909f56bfc062723c751e8b465ee728b)
Start importing Assets/Objects & Textures/textures/New Material.mat using Guid(35a5ca0fb5d2c9d42a6ab02cb89f7f0c) Importer(815301076,1909f56bfc062723c751e8b465ee728b)  -> (artifact id: '137dc127770ce584d5725b6404762870') in 0.025273 seconds 
========================================================================
Received Import Request.
  Time since last request: 105.341197 seconds.
  path: Assets/Skins and Motion/Motions/Lying Down.fbx
  artifactKey: Guid(1309387038e459d4994f35bb141a54e8) Importer(815301076,1909f56bfc062723c751e8b465ee728b)
Start importing Assets/Skins and Motion/Motions/Lying Down.fbx using Guid(1309387038e459d4994f35bb141a54e8) Importer(815301076,1909f56bfc062723c751e8b465ee728b)  -> (artifact id: 'e40ea765c0fcbb4339c2fc155e2ec7b4') in 0.010544 seconds 
========================================================================
Received Import Request.
  Time since last request: 25.659553 seconds.
  path: Assets/Skins and Motion/ybot@Walking.controller
  artifactKey: Guid(702faa3d6eb5cab40a60e90ac64ce7ba) Importer(815301076,1909f56bfc062723c751e8b465ee728b)
Start importing Assets/Skins and Motion/ybot@Walking.controller using Guid(702faa3d6eb5cab40a60e90ac64ce7ba) Importer(815301076,1909f56bfc062723c751e8b465ee728b)  -> (artifact id: 'c3c81fd7567a3a75587b1ec78d5bd0a2') in 0.015913 seconds 
========================================================================
Received Import Request.
  Time since last request: 696.032806 seconds.
  path: Assets/Scenes
  artifactKey: Guid(888593c2854a7bb4e8a6ed59cfa25072) Importer(815301076,1909f56bfc062723c751e8b465ee728b)
Start importing Assets/Scenes using Guid(888593c2854a7bb4e8a6ed59cfa25072) Importer(815301076,1909f56bfc062723c751e8b465ee728b)  -> (artifact id: 'c40138963f1d1f06155f181dfa9e495f') in 0.005029 seconds 
========================================================================
Received Import Request.
  Time since last request: 1519.594305 seconds.
  path: Assets/FinishLift.cs
  artifactKey: Guid(6ce7c52ecf8db8e4c94c4f17e05b685f) Importer(815301076,1909f56bfc062723c751e8b465ee728b)
Start importing Assets/FinishLift.cs using Guid(6ce7c52ecf8db8e4c94c4f17e05b685f) Importer(815301076,1909f56bfc062723c751e8b465ee728b)  -> (artifact id: '5ac2882f20700676bb1e5b3461ad1901') in 0.019518 seconds 
========================================================================
Received Import Request.
  Time since last request: 5.934761 seconds.
  path: Assets/AI/AIBehaviour.cs
  artifactKey: Guid(6394f1d0733470a4ea389b8cdffdd7a0) Importer(815301076,1909f56bfc062723c751e8b465ee728b)
Start importing Assets/AI/AIBehaviour.cs using Guid(6394f1d0733470a4ea389b8cdffdd7a0) Importer(815301076,1909f56bfc062723c751e8b465ee728b)  -> (artifact id: 'bf5d5ba39d2ca52ae8acad5f7dec7556') in 0.006236 seconds 
========================================================================
Received Import Request.
  Time since last request: 202.150516 seconds.
  path: Assets/AI/AIBehaviour.cs
  artifactKey: Guid(6394f1d0733470a4ea389b8cdffdd7a0) Importer(815301076,1909f56bfc062723c751e8b465ee728b)
Start importing Assets/AI/AIBehaviour.cs using Guid(6394f1d0733470a4ea389b8cdffdd7a0) Importer(815301076,1909f56bfc062723c751e8b465ee728b)  -> (artifact id: 'e6f985b8b0098a1b0bc6a3b0725788d0') in 0.005169 seconds 
========================================================================
Received Prepare
Registering precompiled user dll's ...
Registered in 0.007179 seconds.
Begin MonoManager ReloadAssembly
Native extension for WindowsStandalone target not found
Native extension for WebGL target not found
Refreshing native plugins compatible for Editor in 0.45 ms, found 1 plugins.
Preloading 0 native plugins for Editor in 0.00 ms.
Mono: successfully reloaded assembly
- Completed reload, in  1.111 seconds
Platform modules already initialized, skipping
Refreshing native plugins compatible for Editor in 0.44 ms, found 1 plugins.
Preloading 0 native plugins for Editor in 0.00 ms.
Unloading 2643 Unused Serialized files (Serialized files now loaded: 0)
System memory in use before: 233.8 MB.
System memory in use after: 234.0 MB.

Unloading 10 unused Assets to reduce memory usage. Loaded Objects now: 3142.
Total: 2.197700 ms (FindLiveObjects: 0.199000 ms CreateObjectMapping: 0.093900 ms MarkObjects: 1.767200 ms  DeleteObjects: 0.136600 ms)

========================================================================
Received Prepare
Registering precompiled user dll's ...
Registered in 0.004497 seconds.
Begin MonoManager ReloadAssembly
Native extension for WindowsStandalone target not found
Native extension for WebGL target not found
Refreshing native plugins compatible for Editor in 1.60 ms, found 1 plugins.
Preloading 0 native plugins for Editor in 0.00 ms.
Mono: successfully reloaded assembly
- Completed reload, in  1.380 seconds
Platform modules already initialized, skipping
Refreshing native plugins compatible for Editor in 0.50 ms, found 1 plugins.
Preloading 0 native plugins for Editor in 0.00 ms.
Unloading 2643 Unused Serialized files (Serialized files now loaded: 0)
System memory in use before: 233.8 MB.
System memory in use after: 234.0 MB.

Unloading 10 unused Assets to reduce memory usage. Loaded Objects now: 3144.
Total: 2.891100 ms (FindLiveObjects: 0.305500 ms CreateObjectMapping: 0.124600 ms MarkObjects: 2.411000 ms  DeleteObjects: 0.048800 ms)

========================================================================
Received Import Request.
  Time since last request: 594.625875 seconds.
  path: Assets/AI/AIBehaviour.cs
  artifactKey: Guid(6394f1d0733470a4ea389b8cdffdd7a0) Importer(815301076,1909f56bfc062723c751e8b465ee728b)
Start importing Assets/AI/AIBehaviour.cs using Guid(6394f1d0733470a4ea389b8cdffdd7a0) Importer(815301076,1909f56bfc062723c751e8b465ee728b)  -> (artifact id: 'd58b6b7136a55214f352b7a142322ab1') in 0.008269 seconds 
========================================================================
Received Import Request.
  Time since last request: 1600.898108 seconds.
  path: ProjectSettings/TagManager.asset
  artifactKey: Guid(00000000000000003000000000000000) Importer(815301076,1909f56bfc062723c751e8b465ee728b)
Start importing ProjectSettings/TagManager.asset using Guid(00000000000000003000000000000000) Importer(815301076,1909f56bfc062723c751e8b465ee728b)  -> (artifact id: 'c651091b3d07e313103332d163711cc1') in 0.017824 seconds 
========================================================================
Received Prepare
Registering precompiled user dll's ...
Registered in 0.006527 seconds.
Begin MonoManager ReloadAssembly
Native extension for WindowsStandalone target not found
Native extension for WebGL target not found
Refreshing native plugins compatible for Editor in 0.46 ms, found 1 plugins.
Preloading 0 native plugins for Editor in 0.00 ms.
Mono: successfully reloaded assembly
- Completed reload, in  1.120 seconds
Platform modules already initialized, skipping
Refreshing native plugins compatible for Editor in 0.51 ms, found 1 plugins.
Preloading 0 native plugins for Editor in 0.00 ms.
Unloading 2643 Unused Serialized files (Serialized files now loaded: 0)
System memory in use before: 233.9 MB.
System memory in use after: 234.1 MB.

Unloading 11 unused Assets to reduce memory usage. Loaded Objects now: 3146.
Total: 2.143600 ms (FindLiveObjects: 0.214300 ms CreateObjectMapping: 0.107400 ms MarkObjects: 1.765300 ms  DeleteObjects: 0.055500 ms)

========================================================================
Received Prepare
Registering precompiled user dll's ...
Registered in 0.005194 seconds.
Begin MonoManager ReloadAssembly
Native extension for WindowsStandalone target not found
Native extension for WebGL target not found
Refreshing native plugins compatible for Editor in 0.48 ms, found 1 plugins.
Preloading 0 native plugins for Editor in 0.00 ms.
Mono: successfully reloaded assembly
- Completed reload, in  1.172 seconds
Platform modules already initialized, skipping
Refreshing native plugins compatible for Editor in 0.47 ms, found 1 plugins.
Preloading 0 native plugins for Editor in 0.00 ms.
Unloading 2643 Unused Serialized files (Serialized files now loaded: 0)
System memory in use before: 233.9 MB.
System memory in use after: 234.1 MB.

Unloading 10 unused Assets to reduce memory usage. Loaded Objects now: 3148.
Total: 2.550000 ms (FindLiveObjects: 0.362800 ms CreateObjectMapping: 0.148800 ms MarkObjects: 1.985400 ms  DeleteObjects: 0.051700 ms)

========================================================================
Received Prepare
Registering precompiled user dll's ...
Registered in 0.004360 seconds.
Begin MonoManager ReloadAssembly
Native extension for WindowsStandalone target not found
Native extension for WebGL target not found
Refreshing native plugins compatible for Editor in 0.53 ms, found 1 plugins.
Preloading 0 native plugins for Editor in 0.00 ms.
Mono: successfully reloaded assembly
- Completed reload, in  1.055 seconds
Platform modules already initialized, skipping
Refreshing native plugins compatible for Editor in 0.48 ms, found 1 plugins.
Preloading 0 native plugins for Editor in 0.00 ms.
Unloading 2644 Unused Serialized files (Serialized files now loaded: 0)
System memory in use before: 233.9 MB.
System memory in use after: 234.1 MB.

Unloading 10 unused Assets to reduce memory usage. Loaded Objects now: 3151.
Total: 3.084300 ms (FindLiveObjects: 0.465100 ms CreateObjectMapping: 0.406100 ms MarkObjects: 2.151300 ms  DeleteObjects: 0.059700 ms)

========================================================================
Received Import Request.
  Time since last request: 2219.549633 seconds.
  path: Assets/AI/SetAnimationVal.cs
  artifactKey: Guid(28bf77a2634f05742b1e04056fdc28ed) Importer(815301076,1909f56bfc062723c751e8b465ee728b)
Start importing Assets/AI/SetAnimationVal.cs using Guid(28bf77a2634f05742b1e04056fdc28ed) Importer(815301076,1909f56bfc062723c751e8b465ee728b)  -> (artifact id: '8cb565801730bbb0cbbbc7559940d617') in 0.010981 seconds 
========================================================================
Received Import Request.
  Time since last request: 13.544375 seconds.
  path: Assets/CharacterAdjustment.cs
  artifactKey: Guid(95889ac2d9c3e9c4aac37ec44cc4668f) Importer(815301076,1909f56bfc062723c751e8b465ee728b)
Start importing Assets/CharacterAdjustment.cs using Guid(95889ac2d9c3e9c4aac37ec44cc4668f) Importer(815301076,1909f56bfc062723c751e8b465ee728b)  -> (artifact id: '0e93bc8f7c2a1eee20b09f2bf07c0024') in 0.006226 seconds 
========================================================================
Received Prepare
Registering precompiled user dll's ...
Registered in 0.007725 seconds.
Begin MonoManager ReloadAssembly
Native extension for WindowsStandalone target not found
Native extension for WebGL target not found
Refreshing native plugins compatible for Editor in 0.59 ms, found 1 plugins.
Preloading 0 native plugins for Editor in 0.00 ms.
Mono: successfully reloaded assembly
- Completed reload, in  1.103 seconds
Platform modules already initialized, skipping
Refreshing native plugins compatible for Editor in 0.54 ms, found 1 plugins.
Preloading 0 native plugins for Editor in 0.00 ms.
Unloading 2644 Unused Serialized files (Serialized files now loaded: 0)
System memory in use before: 233.9 MB.
System memory in use after: 234.1 MB.

Unloading 10 unused Assets to reduce memory usage. Loaded Objects now: 3153.
Total: 2.713600 ms (FindLiveObjects: 0.418400 ms CreateObjectMapping: 0.269300 ms MarkObjects: 1.973800 ms  DeleteObjects: 0.050900 ms)

========================================================================
Received Import Request.
  Time since last request: 1400.391921 seconds.
  path: Assets/CharacterAdjustment.cs
  artifactKey: Guid(95889ac2d9c3e9c4aac37ec44cc4668f) Importer(815301076,1909f56bfc062723c751e8b465ee728b)
Start importing Assets/CharacterAdjustment.cs using Guid(95889ac2d9c3e9c4aac37ec44cc4668f) Importer(815301076,1909f56bfc062723c751e8b465ee728b)  -> (artifact id: 'a7fe368176282c0f8d6552104e9910d5') in 0.010795 seconds 
========================================================================
Received Prepare
Registering precompiled user dll's ...
Registered in 0.004337 seconds.
Begin MonoManager ReloadAssembly
Native extension for WindowsStandalone target not found
Native extension for WebGL target not found
Refreshing native plugins compatible for Editor in 0.52 ms, found 1 plugins.
Preloading 0 native plugins for Editor in 0.00 ms.
Mono: successfully reloaded assembly
- Completed reload, in  1.051 seconds
Platform modules already initialized, skipping
Refreshing native plugins compatible for Editor in 0.61 ms, found 1 plugins.
Preloading 0 native plugins for Editor in 0.00 ms.
Unloading 2644 Unused Serialized files (Serialized files now loaded: 0)
System memory in use before: 233.9 MB.
System memory in use after: 234.1 MB.

Unloading 10 unused Assets to reduce memory usage. Loaded Objects now: 3155.
Total: 2.938600 ms (FindLiveObjects: 0.724000 ms CreateObjectMapping: 0.334400 ms MarkObjects: 1.829300 ms  DeleteObjects: 0.049400 ms)

========================================================================
Received Prepare
Registering precompiled user dll's ...
Registered in 0.005150 seconds.
Begin MonoManager ReloadAssembly
Native extension for WindowsStandalone target not found
Native extension for WebGL target not found
Refreshing native plugins compatible for Editor in 0.75 ms, found 1 plugins.
Preloading 0 native plugins for Editor in 0.00 ms.
Mono: successfully reloaded assembly
- Completed reload, in  1.136 seconds
Platform modules already initialized, skipping
Refreshing native plugins compatible for Editor in 0.67 ms, found 1 plugins.
Preloading 0 native plugins for Editor in 0.00 ms.
Unloading 2644 Unused Serialized files (Serialized files now loaded: 0)
System memory in use before: 233.9 MB.
System memory in use after: 234.1 MB.

Unloading 10 unused Assets to reduce memory usage. Loaded Objects now: 3157.
Total: 2.413700 ms (FindLiveObjects: 0.288000 ms CreateObjectMapping: 0.223700 ms MarkObjects: 1.829500 ms  DeleteObjects: 0.071500 ms)

