Using pre-set license
Built from '2021.1/staging' branch; Version is '2021.1.0b3 (202fb86be42c) revision 2109368'; Using compiler version '192528614'; Build Type 'Release'
OS: 'Windows 10 Home; OS build 19042.1348; Version 2009; 64bit' Language: 'en' Physical Memory: 16323 MB
BatchMode: 1, IsHumanControllingUs: 0, StartBugReporterOnCrash: 0, Is64bit: 1, IsPro: 0

 COMMAND LINE ARGUMENTS:
C:\Program Files\Unity\Hub\Editor\2021.1.0b3\Editor\Unity.exe
-adb2
-batchMode
-noUpm
-name
AssetImportWorker0
-projectPath
C:/Users/Brand/Desktop/Unity Projects/3D_RPG/3DRPG/3D RPG
-logFile
Logs/AssetImportWorker0.log
-srvPort
57817
Successfully changed project path to: C:/Users/Brand/Desktop/Unity Projects/3D_RPG/3DRPG/3D RPG
C:/Users/Brand/Desktop/Unity Projects/3D_RPG/3DRPG/3D RPG
Using Asset Import Pipeline V2.
Refreshing native plugins compatible for Editor in 197.29 ms, found 1 plugins.
Preloading 0 native plugins for Editor in 0.00 ms.
Initialize engine version: 2021.1.0b3 (202fb86be42c)
[Subsystems] Discovering subsystems at path C:/Program Files/Unity/Hub/Editor/2021.1.0b3/Editor/Data/Resources/UnitySubsystems
[Subsystems] Discovering subsystems at path C:/Users/Brand/Desktop/Unity Projects/3D_RPG/3DRPG/3D RPG/Assets
GfxDevice: creating device client; threaded=0; jobified=0
Direct3D:
    Version:  Direct3D 11.0 [level 11.1]
    Renderer: NVIDIA GeForce RTX 2070 SUPER (ID=0x1e84)
    Vendor:   NVIDIA
    VRAM:     8011 MB
    Driver:   30.0.14.7111
Initialize mono
Mono path[0] = 'C:/Program Files/Unity/Hub/Editor/2021.1.0b3/Editor/Data/Managed'
Mono path[1] = 'C:/Program Files/Unity/Hub/Editor/2021.1.0b3/Editor/Data/MonoBleedingEdge/lib/mono/unityjit'
Mono config path = 'C:/Program Files/Unity/Hub/Editor/2021.1.0b3/Editor/Data/MonoBleedingEdge/etc'
Using monoOptions --debugger-agent=transport=dt_socket,embedding=1,server=y,suspend=n,address=127.0.0.1:56808
Begin MonoManager ReloadAssembly
Registering precompiled unity dll's ...
Register platform support module: C:/Program Files/Unity/Hub/Editor/2021.1.0b3/Editor/Data/PlaybackEngines/WebGLSupport/UnityEditor.WebGL.Extensions.dll
Register platform support module: C:/Program Files/Unity/Hub/Editor/2021.1.0b3/Editor/Data/PlaybackEngines/WindowsStandaloneSupport/UnityEditor.WindowsStandalone.Extensions.dll
Registered in 0.005548 seconds.
Native extension for WindowsStandalone target not found
Native extension for WebGL target not found
Refreshing native plugins compatible for Editor in 170.38 ms, found 1 plugins.
Preloading 0 native plugins for Editor in 0.00 ms.
Mono: successfully reloaded assembly
- Completed reload, in  5.507 seconds
Platform modules already initialized, skipping
Registering precompiled user dll's ...
Registered in 0.011518 seconds.
Begin MonoManager ReloadAssembly
Native extension for WindowsStandalone target not found
Native extension for WebGL target not found
Refreshing native plugins compatible for Editor in 5.76 ms, found 1 plugins.
Preloading 0 native plugins for Editor in 0.00 ms.
Mono: successfully reloaded assembly
- Completed reload, in  4.232 seconds
Platform modules already initialized, skipping
========================================================================
Worker process is ready to serve import requests
Launched and connected shader compiler UnityShaderCompiler.exe after 0.14 seconds
Refreshing native plugins compatible for Editor in 1.54 ms, found 1 plugins.
Preloading 0 native plugins for Editor in 0.00 ms.
Unloading 2682 Unused Serialized files (Serialized files now loaded: 0)
System memory in use before: 243.8 MB.
System memory in use after: 244.0 MB.

Unloading 15 unused Assets to reduce memory usage. Loaded Objects now: 3151.
Total: 6.446700 ms (FindLiveObjects: 0.529200 ms CreateObjectMapping: 0.474600 ms MarkObjects: 4.863900 ms  DeleteObjects: 0.576700 ms)

AssetImportParameters requested are different than current active one (requested -> active):
  graphicsApiMask: 131076 -> 4
========================================================================
Received Import Request.
  path: Assets/New Terrain.asset
  artifactKey: Guid(9470c9e1c2518f040b1578c966763c8f) Importer(815301076,1909f56bfc062723c751e8b465ee728b)
Start importing Assets/New Terrain.asset using Guid(9470c9e1c2518f040b1578c966763c8f) Importer(815301076,1909f56bfc062723c751e8b465ee728b)  -> (artifact id: 'dce6cf258bb9341de5c9c6e0af14ec7f') in 0.302351 seconds 
========================================================================
Received Import Request.
  Time since last request: 0.044466 seconds.
  path: Assets/Creature B.prefab
  artifactKey: Guid(0d590d4faa56ab94c8c4053a51697cdc) Importer(815301076,1909f56bfc062723c751e8b465ee728b)
Start importing Assets/Creature B.prefab using Guid(0d590d4faa56ab94c8c4053a51697cdc) Importer(815301076,1909f56bfc062723c751e8b465ee728b)  -> (artifact id: 'f11c38a7d8d4724d47b935820a0572e2') in 1.239852 seconds 
========================================================================
Received Import Request.
  Time since last request: 0.037753 seconds.
  path: Assets/PurpleDragon.prefab
  artifactKey: Guid(b7951d988245ef64dabe60c0d5661148) Importer(815301076,1909f56bfc062723c751e8b465ee728b)
Start importing Assets/PurpleDragon.prefab using Guid(b7951d988245ef64dabe60c0d5661148) Importer(815301076,1909f56bfc062723c751e8b465ee728b)  -> (artifact id: 'e578f93978b1e64bb5b0cac371b22f14') in 0.161171 seconds 
========================================================================
Received Prepare
Registering precompiled user dll's ...
Registered in 0.009496 seconds.
Begin MonoManager ReloadAssembly
Native extension for WindowsStandalone target not found
Native extension for WebGL target not found
Refreshing native plugins compatible for Editor in 0.73 ms, found 1 plugins.
Preloading 0 native plugins for Editor in 0.00 ms.
Mono: successfully reloaded assembly
- Completed reload, in  1.757 seconds
Platform modules already initialized, skipping
Refreshing native plugins compatible for Editor in 0.85 ms, found 1 plugins.
Preloading 0 native plugins for Editor in 0.00 ms.
Unloading 2678 Unused Serialized files (Serialized files now loaded: 0)
System memory in use before: 260.6 MB.
System memory in use after: 260.8 MB.

Unloading 12 unused Assets to reduce memory usage. Loaded Objects now: 3179.
Total: 3.073200 ms (FindLiveObjects: 0.420200 ms CreateObjectMapping: 0.271500 ms MarkObjects: 2.166900 ms  DeleteObjects: 0.213100 ms)

AssetImportParameters requested are different than current active one (requested -> active):
  graphicsApiMask: 131076 -> 4
========================================================================
Received Prepare
Registering precompiled user dll's ...
Registered in 0.009035 seconds.
Begin MonoManager ReloadAssembly
Native extension for WindowsStandalone target not found
Native extension for WebGL target not found
Refreshing native plugins compatible for Editor in 1.61 ms, found 1 plugins.
Preloading 0 native plugins for Editor in 0.00 ms.
Mono: successfully reloaded assembly
- Completed reload, in  2.191 seconds
Platform modules already initialized, skipping
Refreshing native plugins compatible for Editor in 0.56 ms, found 1 plugins.
Preloading 0 native plugins for Editor in 0.00 ms.
Unloading 2677 Unused Serialized files (Serialized files now loaded: 0)
System memory in use before: 260.6 MB.
System memory in use after: 260.8 MB.

Unloading 10 unused Assets to reduce memory usage. Loaded Objects now: 3181.
Total: 2.852700 ms (FindLiveObjects: 0.226900 ms CreateObjectMapping: 0.105700 ms MarkObjects: 2.409000 ms  DeleteObjects: 0.109600 ms)

AssetImportParameters requested are different than current active one (requested -> active):
  graphicsApiMask: 131076 -> 4
========================================================================
Received Import Request.
  Time since last request: 4361.739729 seconds.
  path: Assets/Creature B.prefab
  artifactKey: Guid(0d590d4faa56ab94c8c4053a51697cdc) Importer(815301076,1909f56bfc062723c751e8b465ee728b)
Start importing Assets/Creature B.prefab using Guid(0d590d4faa56ab94c8c4053a51697cdc) Importer(815301076,1909f56bfc062723c751e8b465ee728b)  -> (artifact id: 'aa465a583d6a39b08de8522b0e569a1e') in 0.231137 seconds 
========================================================================
Received Prepare
Registering precompiled user dll's ...
Registered in 0.006812 seconds.
Begin MonoManager ReloadAssembly
Native extension for WindowsStandalone target not found
Native extension for WebGL target not found
Refreshing native plugins compatible for Editor in 1.18 ms, found 1 plugins.
Preloading 0 native plugins for Editor in 0.00 ms.
Mono: successfully reloaded assembly
- Completed reload, in  2.484 seconds
Platform modules already initialized, skipping
Refreshing native plugins compatible for Editor in 1.29 ms, found 1 plugins.
Preloading 0 native plugins for Editor in 0.00 ms.
Unloading 2677 Unused Serialized files (Serialized files now loaded: 0)
System memory in use before: 260.6 MB.
System memory in use after: 260.8 MB.

Unloading 12 unused Assets to reduce memory usage. Loaded Objects now: 3184.
Total: 4.631800 ms (FindLiveObjects: 0.599900 ms CreateObjectMapping: 0.473300 ms MarkObjects: 3.438400 ms  DeleteObjects: 0.118500 ms)

AssetImportParameters requested are different than current active one (requested -> active):
  graphicsApiMask: 131076 -> 4
========================================================================
Received Import Request.
  Time since last request: 2328.843073 seconds.
  path: Assets/Media/Civip.png
  artifactKey: Guid(bce071a6d5d7ae34d881455ed0c268d5) Importer(815301076,1909f56bfc062723c751e8b465ee728b)
Start importing Assets/Media/Civip.png using Guid(bce071a6d5d7ae34d881455ed0c268d5) Importer(815301076,1909f56bfc062723c751e8b465ee728b)  -> (artifact id: 'ece49cfc4ca3537ad97934f2e19c02ad') in 0.170640 seconds 
========================================================================
Received Import Request.
  Time since last request: 8.715804 seconds.
  path: Assets/Media/Civip.png
  artifactKey: Guid(bce071a6d5d7ae34d881455ed0c268d5) Importer(815301076,1909f56bfc062723c751e8b465ee728b)
Start importing Assets/Media/Civip.png using Guid(bce071a6d5d7ae34d881455ed0c268d5) Importer(815301076,1909f56bfc062723c751e8b465ee728b)  -> (artifact id: 'e076a239d44cba41908a71905eaa4f89') in 0.061898 seconds 
========================================================================
Received Prepare
Registering precompiled user dll's ...
Registered in 0.006561 seconds.
Begin MonoManager ReloadAssembly
Native extension for WindowsStandalone target not found
Native extension for WebGL target not found
Refreshing native plugins compatible for Editor in 2.00 ms, found 1 plugins.
Preloading 0 native plugins for Editor in 0.00 ms.
Mono: successfully reloaded assembly
- Completed reload, in  1.737 seconds
Platform modules already initialized, skipping
Refreshing native plugins compatible for Editor in 0.68 ms, found 1 plugins.
Preloading 0 native plugins for Editor in 0.00 ms.
Unloading 2678 Unused Serialized files (Serialized files now loaded: 0)
System memory in use before: 263.5 MB.
System memory in use after: 263.7 MB.

Unloading 10 unused Assets to reduce memory usage. Loaded Objects now: 3218.
Total: 5.015500 ms (FindLiveObjects: 0.826200 ms CreateObjectMapping: 0.449800 ms MarkObjects: 3.619100 ms  DeleteObjects: 0.118000 ms)

AssetImportParameters requested are different than current active one (requested -> active):
  graphicsApiMask: 131076 -> 4
========================================================================
Received Import Request.
  Time since last request: 45.418300 seconds.
  path: Assets/Media/Civip.png
  artifactKey: Guid(bce071a6d5d7ae34d881455ed0c268d5) Importer(815301076,1909f56bfc062723c751e8b465ee728b)
Start importing Assets/Media/Civip.png using Guid(bce071a6d5d7ae34d881455ed0c268d5) Importer(815301076,1909f56bfc062723c751e8b465ee728b)  -> (artifact id: 'b705bdfbb3944565b0096a84316d0801') in 0.113984 seconds 
========================================================================
Received Prepare
Registering precompiled user dll's ...
Registered in 0.004781 seconds.
Begin MonoManager ReloadAssembly
Native extension for WindowsStandalone target not found
Native extension for WebGL target not found
Refreshing native plugins compatible for Editor in 0.52 ms, found 1 plugins.
Preloading 0 native plugins for Editor in 0.00 ms.
Mono: successfully reloaded assembly
- Completed reload, in  1.831 seconds
Platform modules already initialized, skipping
Refreshing native plugins compatible for Editor in 1.65 ms, found 1 plugins.
Preloading 0 native plugins for Editor in 0.00 ms.
Unloading 2677 Unused Serialized files (Serialized files now loaded: 0)
System memory in use before: 263.9 MB.
System memory in use after: 264.1 MB.

Unloading 10 unused Assets to reduce memory usage. Loaded Objects now: 3235.
Total: 11.306400 ms (FindLiveObjects: 0.727400 ms CreateObjectMapping: 0.343000 ms MarkObjects: 10.106000 ms  DeleteObjects: 0.127800 ms)

AssetImportParameters requested are different than current active one (requested -> active):
  graphicsApiMask: 131076 -> 4
========================================================================
Received Import Request.
  Time since last request: 23.283281 seconds.
  path: Assets/Media/Civip.png
  artifactKey: Guid(bce071a6d5d7ae34d881455ed0c268d5) Importer(815301076,1909f56bfc062723c751e8b465ee728b)
Start importing Assets/Media/Civip.png using Guid(bce071a6d5d7ae34d881455ed0c268d5) Importer(815301076,1909f56bfc062723c751e8b465ee728b)  -> (artifact id: '4f5067156c41f50877a7ccd7998caa4d') in 0.257981 seconds 
========================================================================
Received Import Request.
  Time since last request: 99.619015 seconds.
  path: Assets/Media/Civip 1.png
  artifactKey: Guid(4850ed1ab7fcf0e46888a8d331c642f5) Importer(815301076,1909f56bfc062723c751e8b465ee728b)
Start importing Assets/Media/Civip 1.png using Guid(4850ed1ab7fcf0e46888a8d331c642f5) Importer(815301076,1909f56bfc062723c751e8b465ee728b)  -> (artifact id: 'e034338aad0c9e7675cfdcdd421c10ac') in 0.023191 seconds 
========================================================================
Received Import Request.
  Time since last request: 7.182706 seconds.
  path: Assets/Media/Civip 1.png
  artifactKey: Guid(4850ed1ab7fcf0e46888a8d331c642f5) Importer(815301076,1909f56bfc062723c751e8b465ee728b)
Start importing Assets/Media/Civip 1.png using Guid(4850ed1ab7fcf0e46888a8d331c642f5) Importer(815301076,1909f56bfc062723c751e8b465ee728b)  -> (artifact id: 'd576cc5873be66ade1ffacf5f796ed63') in 0.028319 seconds 
========================================================================
Received Prepare
Registering precompiled user dll's ...
Registered in 0.004314 seconds.
Begin MonoManager ReloadAssembly
Native extension for WindowsStandalone target not found
Native extension for WebGL target not found
Refreshing native plugins compatible for Editor in 0.88 ms, found 1 plugins.
Preloading 0 native plugins for Editor in 0.00 ms.
Mono: successfully reloaded assembly
- Completed reload, in  1.818 seconds
Platform modules already initialized, skipping
Refreshing native plugins compatible for Editor in 1.15 ms, found 1 plugins.
Preloading 0 native plugins for Editor in 0.00 ms.
Unloading 2678 Unused Serialized files (Serialized files now loaded: 0)
System memory in use before: 267.8 MB.
System memory in use after: 268.0 MB.

Unloading 10 unused Assets to reduce memory usage. Loaded Objects now: 3281.
Total: 2.160700 ms (FindLiveObjects: 0.215800 ms CreateObjectMapping: 0.104100 ms MarkObjects: 1.757400 ms  DeleteObjects: 0.082100 ms)

AssetImportParameters requested are different than current active one (requested -> active):
  graphicsApiMask: 131076 -> 4
========================================================================
Received Prepare
Registering precompiled user dll's ...
Registered in 0.007025 seconds.
Begin MonoManager ReloadAssembly
Native extension for WindowsStandalone target not found
Native extension for WebGL target not found
Refreshing native plugins compatible for Editor in 0.58 ms, found 1 plugins.
Preloading 0 native plugins for Editor in 0.00 ms.
Mono: successfully reloaded assembly
- Completed reload, in  1.889 seconds
Platform modules already initialized, skipping
Refreshing native plugins compatible for Editor in 0.83 ms, found 1 plugins.
Preloading 0 native plugins for Editor in 0.00 ms.
Unloading 2677 Unused Serialized files (Serialized files now loaded: 0)
System memory in use before: 267.8 MB.
System memory in use after: 268.0 MB.

Unloading 10 unused Assets to reduce memory usage. Loaded Objects now: 3283.
Total: 2.539600 ms (FindLiveObjects: 0.375500 ms CreateObjectMapping: 0.165100 ms MarkObjects: 1.891900 ms  DeleteObjects: 0.104800 ms)

AssetImportParameters requested are different than current active one (requested -> active):
  graphicsApiMask: 131076 -> 4
========================================================================
Received Prepare
Registering precompiled user dll's ...
Registered in 0.008521 seconds.
Begin MonoManager ReloadAssembly
Native extension for WindowsStandalone target not found
Native extension for WebGL target not found
Refreshing native plugins compatible for Editor in 1.64 ms, found 1 plugins.
Preloading 0 native plugins for Editor in 0.00 ms.
Mono: successfully reloaded assembly
- Completed reload, in  2.513 seconds
Platform modules already initialized, skipping
Refreshing native plugins compatible for Editor in 0.64 ms, found 1 plugins.
Preloading 0 native plugins for Editor in 0.00 ms.
Unloading 2677 Unused Serialized files (Serialized files now loaded: 0)
System memory in use before: 267.8 MB.
System memory in use after: 268.0 MB.

Unloading 10 unused Assets to reduce memory usage. Loaded Objects now: 3285.
Total: 2.278500 ms (FindLiveObjects: 0.256000 ms CreateObjectMapping: 0.127600 ms MarkObjects: 1.804900 ms  DeleteObjects: 0.088800 ms)

AssetImportParameters requested are different than current active one (requested -> active):
  graphicsApiMask: 131076 -> 4
========================================================================
Received Prepare
Registering precompiled user dll's ...
Registered in 0.008703 seconds.
Begin MonoManager ReloadAssembly
Native extension for WindowsStandalone target not found
Native extension for WebGL target not found
Refreshing native plugins compatible for Editor in 0.62 ms, found 1 plugins.
Preloading 0 native plugins for Editor in 0.00 ms.
Mono: successfully reloaded assembly
- Completed reload, in  1.944 seconds
Platform modules already initialized, skipping
Refreshing native plugins compatible for Editor in 1.32 ms, found 1 plugins.
Preloading 0 native plugins for Editor in 0.00 ms.
Unloading 2677 Unused Serialized files (Serialized files now loaded: 0)
System memory in use before: 267.8 MB.
System memory in use after: 268.0 MB.

Unloading 10 unused Assets to reduce memory usage. Loaded Objects now: 3287.
Total: 9.350400 ms (FindLiveObjects: 1.541600 ms CreateObjectMapping: 0.795200 ms MarkObjects: 6.917900 ms  DeleteObjects: 0.093600 ms)

AssetImportParameters requested are different than current active one (requested -> active):
  graphicsApiMask: 131076 -> 4
========================================================================
Received Prepare
Registering precompiled user dll's ...
Registered in 0.006803 seconds.
Begin MonoManager ReloadAssembly
Native extension for WindowsStandalone target not found
Native extension for WebGL target not found
Refreshing native plugins compatible for Editor in 0.55 ms, found 1 plugins.
Preloading 0 native plugins for Editor in 0.00 ms.
Mono: successfully reloaded assembly
- Completed reload, in  1.790 seconds
Platform modules already initialized, skipping
Refreshing native plugins compatible for Editor in 0.95 ms, found 1 plugins.
Preloading 0 native plugins for Editor in 0.00 ms.
Unloading 2677 Unused Serialized files (Serialized files now loaded: 0)
System memory in use before: 267.8 MB.
System memory in use after: 268.0 MB.

Unloading 10 unused Assets to reduce memory usage. Loaded Objects now: 3289.
Total: 7.786000 ms (FindLiveObjects: 0.891500 ms CreateObjectMapping: 1.230100 ms MarkObjects: 5.532300 ms  DeleteObjects: 0.130400 ms)

AssetImportParameters requested are different than current active one (requested -> active):
  graphicsApiMask: 131076 -> 4
========================================================================
Received Prepare
Registering precompiled user dll's ...
Registered in 0.007082 seconds.
Begin MonoManager ReloadAssembly
Native extension for WindowsStandalone target not found
Native extension for WebGL target not found
Refreshing native plugins compatible for Editor in 0.51 ms, found 1 plugins.
Preloading 0 native plugins for Editor in 0.00 ms.
Mono: successfully reloaded assembly
- Completed reload, in  2.070 seconds
Platform modules already initialized, skipping
Refreshing native plugins compatible for Editor in 0.58 ms, found 1 plugins.
Preloading 0 native plugins for Editor in 0.00 ms.
Unloading 2677 Unused Serialized files (Serialized files now loaded: 0)
System memory in use before: 267.8 MB.
System memory in use after: 268.0 MB.

Unloading 10 unused Assets to reduce memory usage. Loaded Objects now: 3291.
Total: 4.054500 ms (FindLiveObjects: 0.549500 ms CreateObjectMapping: 0.448700 ms MarkObjects: 2.857300 ms  DeleteObjects: 0.196900 ms)

AssetImportParameters requested are different than current active one (requested -> active):
  graphicsApiMask: 131076 -> 4
========================================================================
Received Prepare
Registering precompiled user dll's ...
Registered in 0.006769 seconds.
Begin MonoManager ReloadAssembly
Native extension for WindowsStandalone target not found
Native extension for WebGL target not found
Refreshing native plugins compatible for Editor in 0.92 ms, found 1 plugins.
Preloading 0 native plugins for Editor in 0.00 ms.
Mono: successfully reloaded assembly
- Completed reload, in  2.236 seconds
Platform modules already initialized, skipping
Refreshing native plugins compatible for Editor in 0.80 ms, found 1 plugins.
Preloading 0 native plugins for Editor in 0.00 ms.
Unloading 2677 Unused Serialized files (Serialized files now loaded: 0)
System memory in use before: 267.8 MB.
System memory in use after: 268.0 MB.

Unloading 10 unused Assets to reduce memory usage. Loaded Objects now: 3293.
Total: 4.432800 ms (FindLiveObjects: 0.407000 ms CreateObjectMapping: 0.159100 ms MarkObjects: 3.693700 ms  DeleteObjects: 0.170500 ms)

AssetImportParameters requested are different than current active one (requested -> active):
  graphicsApiMask: 131076 -> 4
========================================================================
Received Prepare
Registering precompiled user dll's ...
Registered in 0.007381 seconds.
Begin MonoManager ReloadAssembly
Native extension for WindowsStandalone target not found
Native extension for WebGL target not found
Refreshing native plugins compatible for Editor in 2.23 ms, found 1 plugins.
Preloading 0 native plugins for Editor in 0.00 ms.
Mono: successfully reloaded assembly
- Completed reload, in  3.388 seconds
Platform modules already initialized, skipping
Refreshing native plugins compatible for Editor in 1.01 ms, found 1 plugins.
Preloading 0 native plugins for Editor in 0.00 ms.
Unloading 2677 Unused Serialized files (Serialized files now loaded: 0)
System memory in use before: 267.8 MB.
System memory in use after: 268.0 MB.

Unloading 10 unused Assets to reduce memory usage. Loaded Objects now: 3295.
Total: 11.515700 ms (FindLiveObjects: 1.245000 ms CreateObjectMapping: 1.798500 ms MarkObjects: 8.339100 ms  DeleteObjects: 0.130600 ms)

AssetImportParameters requested are different than current active one (requested -> active):
  graphicsApiMask: 131076 -> 4
========================================================================
Received Prepare
Registering precompiled user dll's ...
Registered in 0.008616 seconds.
Begin MonoManager ReloadAssembly
Native extension for WindowsStandalone target not found
Native extension for WebGL target not found
Refreshing native plugins compatible for Editor in 1.05 ms, found 1 plugins.
Preloading 0 native plugins for Editor in 0.00 ms.
Mono: successfully reloaded assembly
- Completed reload, in  2.191 seconds
Platform modules already initialized, skipping
Refreshing native plugins compatible for Editor in 0.91 ms, found 1 plugins.
Preloading 0 native plugins for Editor in 0.00 ms.
Unloading 2677 Unused Serialized files (Serialized files now loaded: 0)
System memory in use before: 267.8 MB.
System memory in use after: 268.0 MB.

Unloading 10 unused Assets to reduce memory usage. Loaded Objects now: 3297.
Total: 5.163400 ms (FindLiveObjects: 0.537500 ms CreateObjectMapping: 0.483700 ms MarkObjects: 4.012000 ms  DeleteObjects: 0.128300 ms)

AssetImportParameters requested are different than current active one (requested -> active):
  graphicsApiMask: 131076 -> 4
========================================================================
Received Prepare
Registering precompiled user dll's ...
Registered in 0.015468 seconds.
Begin MonoManager ReloadAssembly
Native extension for WindowsStandalone target not found
Native extension for WebGL target not found
Refreshing native plugins compatible for Editor in 0.92 ms, found 1 plugins.
Preloading 0 native plugins for Editor in 0.00 ms.
Mono: successfully reloaded assembly
- Completed reload, in  2.419 seconds
Platform modules already initialized, skipping
Refreshing native plugins compatible for Editor in 1.04 ms, found 1 plugins.
Preloading 0 native plugins for Editor in 0.00 ms.
Unloading 2677 Unused Serialized files (Serialized files now loaded: 0)
System memory in use before: 267.8 MB.
System memory in use after: 268.0 MB.

Unloading 10 unused Assets to reduce memory usage. Loaded Objects now: 3299.
Total: 7.656300 ms (FindLiveObjects: 2.176000 ms CreateObjectMapping: 0.410900 ms MarkObjects: 4.841800 ms  DeleteObjects: 0.225800 ms)

AssetImportParameters requested are different than current active one (requested -> active):
  graphicsApiMask: 131076 -> 4
========================================================================
Received Prepare
Registering precompiled user dll's ...
Registered in 0.010742 seconds.
Begin MonoManager ReloadAssembly
Native extension for WindowsStandalone target not found
Native extension for WebGL target not found
Refreshing native plugins compatible for Editor in 0.94 ms, found 1 plugins.
Preloading 0 native plugins for Editor in 0.00 ms.
Mono: successfully reloaded assembly
- Completed reload, in  2.629 seconds
Platform modules already initialized, skipping
Refreshing native plugins compatible for Editor in 0.89 ms, found 1 plugins.
Preloading 0 native plugins for Editor in 0.00 ms.
Unloading 2677 Unused Serialized files (Serialized files now loaded: 0)
System memory in use before: 267.8 MB.
System memory in use after: 268.0 MB.

Unloading 10 unused Assets to reduce memory usage. Loaded Objects now: 3301.
Total: 7.258900 ms (FindLiveObjects: 1.181700 ms CreateObjectMapping: 0.663400 ms MarkObjects: 5.281000 ms  DeleteObjects: 0.131100 ms)

AssetImportParameters requested are different than current active one (requested -> active):
  graphicsApiMask: 131076 -> 4
========================================================================
Received Prepare
Registering precompiled user dll's ...
Registered in 0.006950 seconds.
Begin MonoManager ReloadAssembly
Native extension for WindowsStandalone target not found
Native extension for WebGL target not found
Refreshing native plugins compatible for Editor in 0.63 ms, found 1 plugins.
Preloading 0 native plugins for Editor in 0.00 ms.
Mono: successfully reloaded assembly
- Completed reload, in  1.480 seconds
Platform modules already initialized, skipping
Refreshing native plugins compatible for Editor in 0.59 ms, found 1 plugins.
Preloading 0 native plugins for Editor in 0.00 ms.
Unloading 2677 Unused Serialized files (Serialized files now loaded: 0)
System memory in use before: 267.8 MB.
System memory in use after: 268.0 MB.

Unloading 10 unused Assets to reduce memory usage. Loaded Objects now: 3303.
Total: 2.869100 ms (FindLiveObjects: 0.347700 ms CreateObjectMapping: 0.170500 ms MarkObjects: 2.214000 ms  DeleteObjects: 0.135200 ms)

AssetImportParameters requested are different than current active one (requested -> active):
  graphicsApiMask: 131076 -> 4
========================================================================
Received Prepare
Registering precompiled user dll's ...
Registered in 0.004832 seconds.
Begin MonoManager ReloadAssembly
Native extension for WindowsStandalone target not found
Native extension for WebGL target not found
Refreshing native plugins compatible for Editor in 1.16 ms, found 1 plugins.
Preloading 0 native plugins for Editor in 0.00 ms.
Mono: successfully reloaded assembly
- Completed reload, in  1.879 seconds
Platform modules already initialized, skipping
Refreshing native plugins compatible for Editor in 1.30 ms, found 1 plugins.
Preloading 0 native plugins for Editor in 0.00 ms.
Unloading 2677 Unused Serialized files (Serialized files now loaded: 0)
System memory in use before: 267.9 MB.
System memory in use after: 268.1 MB.

Unloading 10 unused Assets to reduce memory usage. Loaded Objects now: 3305.
Total: 4.204700 ms (FindLiveObjects: 0.408100 ms CreateObjectMapping: 0.326400 ms MarkObjects: 3.368200 ms  DeleteObjects: 0.100300 ms)

AssetImportParameters requested are different than current active one (requested -> active):
  graphicsApiMask: 131076 -> 4
========================================================================
Received Import Request.
  Time since last request: 6193.099058 seconds.
  path: Assets/Creature B.prefab
  artifactKey: Guid(0d590d4faa56ab94c8c4053a51697cdc) Importer(815301076,1909f56bfc062723c751e8b465ee728b)
Start importing Assets/Creature B.prefab using Guid(0d590d4faa56ab94c8c4053a51697cdc) Importer(815301076,1909f56bfc062723c751e8b465ee728b)  -> (artifact id: '9f3382512ccc4891945c006c7673f14b') in 0.239093 seconds 
========================================================================
Received Import Request.
  Time since last request: 0.109613 seconds.
  path: Assets/Creature B.prefab
  artifactKey: Guid(0d590d4faa56ab94c8c4053a51697cdc) Importer(815301076,1909f56bfc062723c751e8b465ee728b)
Start importing Assets/Creature B.prefab using Guid(0d590d4faa56ab94c8c4053a51697cdc) Importer(815301076,1909f56bfc062723c751e8b465ee728b)  -> (artifact id: '2309d372d2496ccfcc765c8b4c741a54') in 0.073846 seconds 
========================================================================
Received Import Request.
  Time since last request: 11.137506 seconds.
  path: Assets/Creature B.prefab
  artifactKey: Guid(0d590d4faa56ab94c8c4053a51697cdc) Importer(815301076,1909f56bfc062723c751e8b465ee728b)
Start importing Assets/Creature B.prefab using Guid(0d590d4faa56ab94c8c4053a51697cdc) Importer(815301076,1909f56bfc062723c751e8b465ee728b)  -> (artifact id: '17f4b2fafdb51a865b612f5f1c1f9220') in 0.070422 seconds 
========================================================================
Received Import Request.
  Time since last request: 2.568854 seconds.
  path: Assets/Creature B.prefab
  artifactKey: Guid(0d590d4faa56ab94c8c4053a51697cdc) Importer(815301076,1909f56bfc062723c751e8b465ee728b)
Start importing Assets/Creature B.prefab using Guid(0d590d4faa56ab94c8c4053a51697cdc) Importer(815301076,1909f56bfc062723c751e8b465ee728b)  -> (artifact id: '98e5c430a20a4bced85aeb6a21eb311e') in 0.069241 seconds 
========================================================================
Received Import Request.
  Time since last request: 15.113630 seconds.
  path: Assets/Creature B.prefab
  artifactKey: Guid(0d590d4faa56ab94c8c4053a51697cdc) Importer(815301076,1909f56bfc062723c751e8b465ee728b)
Start importing Assets/Creature B.prefab using Guid(0d590d4faa56ab94c8c4053a51697cdc) Importer(815301076,1909f56bfc062723c751e8b465ee728b)  -> (artifact id: '09b48c89a4b908ed8d5d3aaf1ba7a046') in 0.083153 seconds 
========================================================================
Received Import Request.
  Time since last request: 12.399078 seconds.
  path: Assets/Creature B.prefab
  artifactKey: Guid(0d590d4faa56ab94c8c4053a51697cdc) Importer(815301076,1909f56bfc062723c751e8b465ee728b)
Start importing Assets/Creature B.prefab using Guid(0d590d4faa56ab94c8c4053a51697cdc) Importer(815301076,1909f56bfc062723c751e8b465ee728b)  -> (artifact id: 'a86a0dc929ff4455d9e85d4fcea0e10a') in 0.075535 seconds 
========================================================================
Received Import Request.
  Time since last request: 7.189537 seconds.
  path: Assets/Creature B.prefab
  artifactKey: Guid(0d590d4faa56ab94c8c4053a51697cdc) Importer(815301076,1909f56bfc062723c751e8b465ee728b)
Start importing Assets/Creature B.prefab using Guid(0d590d4faa56ab94c8c4053a51697cdc) Importer(815301076,1909f56bfc062723c751e8b465ee728b)  -> (artifact id: '0cefe3a1dd8b53ec4f77d6f0632e034a') in 0.064432 seconds 
========================================================================
Received Import Request.
  Time since last request: 10.509353 seconds.
  path: Assets/Creature B.prefab
  artifactKey: Guid(0d590d4faa56ab94c8c4053a51697cdc) Importer(815301076,1909f56bfc062723c751e8b465ee728b)
Start importing Assets/Creature B.prefab using Guid(0d590d4faa56ab94c8c4053a51697cdc) Importer(815301076,1909f56bfc062723c751e8b465ee728b)  -> (artifact id: '2a655c4291a31869d771509981f5781e') in 0.074435 seconds 
========================================================================
Received Import Request.
  Time since last request: 0.102608 seconds.
  path: Assets/Creature B.prefab
  artifactKey: Guid(0d590d4faa56ab94c8c4053a51697cdc) Importer(815301076,1909f56bfc062723c751e8b465ee728b)
Start importing Assets/Creature B.prefab using Guid(0d590d4faa56ab94c8c4053a51697cdc) Importer(815301076,1909f56bfc062723c751e8b465ee728b)  -> (artifact id: '193995f5efeb2989ac589436c44323c3') in 0.075112 seconds 
========================================================================
Received Import Request.
  Time since last request: 3.493987 seconds.
  path: Assets/Creature B.prefab
  artifactKey: Guid(0d590d4faa56ab94c8c4053a51697cdc) Importer(815301076,1909f56bfc062723c751e8b465ee728b)
Start importing Assets/Creature B.prefab using Guid(0d590d4faa56ab94c8c4053a51697cdc) Importer(815301076,1909f56bfc062723c751e8b465ee728b)  -> (artifact id: 'f4a8caedffd66ca3982db6c11c035770') in 0.181090 seconds 
========================================================================
Received Import Request.
  Time since last request: 2.467737 seconds.
  path: Assets/Creature B.prefab
  artifactKey: Guid(0d590d4faa56ab94c8c4053a51697cdc) Importer(815301076,1909f56bfc062723c751e8b465ee728b)
Start importing Assets/Creature B.prefab using Guid(0d590d4faa56ab94c8c4053a51697cdc) Importer(815301076,1909f56bfc062723c751e8b465ee728b)  -> (artifact id: '00000000000000000000000000000000') in 0.088164 seconds  code(4) message(Build asset version error: assets/creature b.prefab in SourceAssetDB has modification time of '2021-12-07T23:27:26.7411108Z' while content on disk has modification time of '2021-12-07T23:27:26.9589656Z')
  ERROR: Build asset version error: assets/creature b.prefab in SourceAssetDB has modification time of '2021-12-07T23:27:26.7411108Z' while content on disk has modification time of '2021-12-07T23:27:26.9589656Z'
========================================================================
Received Import Request.
  Time since last request: 7.115027 seconds.
  path: Assets/Creature B.prefab
  artifactKey: Guid(0d590d4faa56ab94c8c4053a51697cdc) Importer(815301076,1909f56bfc062723c751e8b465ee728b)
Start importing Assets/Creature B.prefab using Guid(0d590d4faa56ab94c8c4053a51697cdc) Importer(815301076,1909f56bfc062723c751e8b465ee728b)  -> (artifact id: '509beb8407d758981e9f0836ff8e6fe2') in 0.070239 seconds 
========================================================================
Received Import Request.
  Time since last request: 15.486801 seconds.
  path: Assets/Creature B.prefab
  artifactKey: Guid(0d590d4faa56ab94c8c4053a51697cdc) Importer(815301076,1909f56bfc062723c751e8b465ee728b)
Start importing Assets/Creature B.prefab using Guid(0d590d4faa56ab94c8c4053a51697cdc) Importer(815301076,1909f56bfc062723c751e8b465ee728b)  -> (artifact id: '45b29438c92d9c35b72ed98982d144cb') in 0.105464 seconds 
========================================================================
Received Import Request.
  Time since last request: 2.616590 seconds.
  path: Assets/Creature B.prefab
  artifactKey: Guid(0d590d4faa56ab94c8c4053a51697cdc) Importer(815301076,1909f56bfc062723c751e8b465ee728b)
Start importing Assets/Creature B.prefab using Guid(0d590d4faa56ab94c8c4053a51697cdc) Importer(815301076,1909f56bfc062723c751e8b465ee728b)  -> (artifact id: '00000000000000000000000000000000') in 0.079619 seconds  code(4) message(Build asset version error: assets/creature b.prefab in SourceAssetDB has modification time of '2021-12-07T23:27:52.2587555Z' while content on disk has modification time of '2021-12-07T23:27:52.4736875Z')
  ERROR: Build asset version error: assets/creature b.prefab in SourceAssetDB has modification time of '2021-12-07T23:27:52.2587555Z' while content on disk has modification time of '2021-12-07T23:27:52.4736875Z'
========================================================================
Received Import Request.
  Time since last request: 7.509538 seconds.
  path: Assets/Creature B.prefab
  artifactKey: Guid(0d590d4faa56ab94c8c4053a51697cdc) Importer(815301076,1909f56bfc062723c751e8b465ee728b)
Start importing Assets/Creature B.prefab using Guid(0d590d4faa56ab94c8c4053a51697cdc) Importer(815301076,1909f56bfc062723c751e8b465ee728b)  -> (artifact id: 'c3fe3475ed5a8c9c2f87c0c4871dcf1e') in 0.074688 seconds 
========================================================================
Received Import Request.
  Time since last request: 30.822923 seconds.
  path: Assets/Creature B.prefab
  artifactKey: Guid(0d590d4faa56ab94c8c4053a51697cdc) Importer(815301076,1909f56bfc062723c751e8b465ee728b)
Start importing Assets/Creature B.prefab using Guid(0d590d4faa56ab94c8c4053a51697cdc) Importer(815301076,1909f56bfc062723c751e8b465ee728b)  -> (artifact id: 'b1da367f968b1200db819f57eb4fc402') in 0.072392 seconds 
========================================================================
Received Import Request.
  Time since last request: 1.942082 seconds.
  path: Assets/Creature B.prefab
  artifactKey: Guid(0d590d4faa56ab94c8c4053a51697cdc) Importer(815301076,1909f56bfc062723c751e8b465ee728b)
Start importing Assets/Creature B.prefab using Guid(0d590d4faa56ab94c8c4053a51697cdc) Importer(815301076,1909f56bfc062723c751e8b465ee728b)  -> (artifact id: '11bf56c23db7967ef3d4cc5755a34270') in 0.085894 seconds 
========================================================================
Received Import Request.
  Time since last request: 19.923096 seconds.
  path: Assets/Creature B.prefab
  artifactKey: Guid(0d590d4faa56ab94c8c4053a51697cdc) Importer(815301076,1909f56bfc062723c751e8b465ee728b)
Start importing Assets/Creature B.prefab using Guid(0d590d4faa56ab94c8c4053a51697cdc) Importer(815301076,1909f56bfc062723c751e8b465ee728b)  -> (artifact id: '9da064b0e3a7d7ffb1a0bb413e9589a2') in 0.088589 seconds 
========================================================================
Received Import Request.
  Time since last request: 2.584082 seconds.
  path: Assets/Creature B.prefab
  artifactKey: Guid(0d590d4faa56ab94c8c4053a51697cdc) Importer(815301076,1909f56bfc062723c751e8b465ee728b)
Start importing Assets/Creature B.prefab using Guid(0d590d4faa56ab94c8c4053a51697cdc) Importer(815301076,1909f56bfc062723c751e8b465ee728b)  -> (artifact id: '051009a9da128892353383a104642cb3') in 0.111141 seconds 
========================================================================
Received Import Request.
  Time since last request: 4.475888 seconds.
  path: Assets/Creature B.prefab
  artifactKey: Guid(0d590d4faa56ab94c8c4053a51697cdc) Importer(815301076,1909f56bfc062723c751e8b465ee728b)
Start importing Assets/Creature B.prefab using Guid(0d590d4faa56ab94c8c4053a51697cdc) Importer(815301076,1909f56bfc062723c751e8b465ee728b)  -> (artifact id: 'a93ebdca3f8df3bb0478fe346ecc2ade') in 0.079912 seconds 
========================================================================
Received Import Request.
  Time since last request: 6.848752 seconds.
  path: Assets/Creature B.prefab
  artifactKey: Guid(0d590d4faa56ab94c8c4053a51697cdc) Importer(815301076,1909f56bfc062723c751e8b465ee728b)
Start importing Assets/Creature B.prefab using Guid(0d590d4faa56ab94c8c4053a51697cdc) Importer(815301076,1909f56bfc062723c751e8b465ee728b)  -> (artifact id: '9fe0e0d52328fb3720129309c73d3bc6') in 0.150459 seconds 
========================================================================
Received Import Request.
  Time since last request: 4.329061 seconds.
  path: Assets/Creature B.prefab
  artifactKey: Guid(0d590d4faa56ab94c8c4053a51697cdc) Importer(815301076,1909f56bfc062723c751e8b465ee728b)
Start importing Assets/Creature B.prefab using Guid(0d590d4faa56ab94c8c4053a51697cdc) Importer(815301076,1909f56bfc062723c751e8b465ee728b)  -> (artifact id: 'c1a54c28e39d1acf8f1a644a1f0bea68') in 0.115960 seconds 
========================================================================
Received Import Request.
  Time since last request: 6.337429 seconds.
  path: Assets/Creature B.prefab
  artifactKey: Guid(0d590d4faa56ab94c8c4053a51697cdc) Importer(815301076,1909f56bfc062723c751e8b465ee728b)
Start importing Assets/Creature B.prefab using Guid(0d590d4faa56ab94c8c4053a51697cdc) Importer(815301076,1909f56bfc062723c751e8b465ee728b)  -> (artifact id: 'e4d6ad6a375316740f694fc361aba720') in 0.081632 seconds 
========================================================================
Received Import Request.
  Time since last request: 2.352493 seconds.
  path: Assets/Creature B.prefab
  artifactKey: Guid(0d590d4faa56ab94c8c4053a51697cdc) Importer(815301076,1909f56bfc062723c751e8b465ee728b)
Start importing Assets/Creature B.prefab using Guid(0d590d4faa56ab94c8c4053a51697cdc) Importer(815301076,1909f56bfc062723c751e8b465ee728b)  -> (artifact id: '736ca6075d51a33fa518655cb2997b1d') in 0.112193 seconds 
========================================================================
Received Import Request.
  Time since last request: 10.589806 seconds.
  path: Assets/Creature B.prefab
  artifactKey: Guid(0d590d4faa56ab94c8c4053a51697cdc) Importer(815301076,1909f56bfc062723c751e8b465ee728b)
Start importing Assets/Creature B.prefab using Guid(0d590d4faa56ab94c8c4053a51697cdc) Importer(815301076,1909f56bfc062723c751e8b465ee728b)  -> (artifact id: 'fcf5cf615b7f3bc599c1f643dcd8d8de') in 0.079302 seconds 
========================================================================
Received Import Request.
  Time since last request: 59.551495 seconds.
  path: Assets/Creature B.prefab
  artifactKey: Guid(0d590d4faa56ab94c8c4053a51697cdc) Importer(815301076,1909f56bfc062723c751e8b465ee728b)
Start importing Assets/Creature B.prefab using Guid(0d590d4faa56ab94c8c4053a51697cdc) Importer(815301076,1909f56bfc062723c751e8b465ee728b)  -> (artifact id: 'be9df6c8cffbe934c641275e154a102f') in 0.072835 seconds 
========================================================================
Received Import Request.
  Time since last request: 0.013469 seconds.
  path: Assets/PurpleDragon.prefab
  artifactKey: Guid(b7951d988245ef64dabe60c0d5661148) Importer(815301076,1909f56bfc062723c751e8b465ee728b)
Start importing Assets/PurpleDragon.prefab using Guid(b7951d988245ef64dabe60c0d5661148) Importer(815301076,1909f56bfc062723c751e8b465ee728b)  -> (artifact id: 'c83d7f3803c9660d3dd08e2895aed46d') in 0.081203 seconds 
========================================================================
Received Import Request.
  Time since last request: 7.832143 seconds.
  path: Assets/Creature B.prefab
  artifactKey: Guid(0d590d4faa56ab94c8c4053a51697cdc) Importer(815301076,1909f56bfc062723c751e8b465ee728b)
Start importing Assets/Creature B.prefab using Guid(0d590d4faa56ab94c8c4053a51697cdc) Importer(815301076,1909f56bfc062723c751e8b465ee728b)  -> (artifact id: '1e21e24783cac19cac0b628143140ef0') in 0.077818 seconds 
========================================================================
Received Import Request.
  Time since last request: 0.010016 seconds.
  path: Assets/PurpleDragon.prefab
  artifactKey: Guid(b7951d988245ef64dabe60c0d5661148) Importer(815301076,1909f56bfc062723c751e8b465ee728b)
Start importing Assets/PurpleDragon.prefab using Guid(b7951d988245ef64dabe60c0d5661148) Importer(815301076,1909f56bfc062723c751e8b465ee728b)  -> (artifact id: 'a365a802cf8ee584ccc3f6047ce11db0') in 0.066919 seconds 
========================================================================
Received Import Request.
  Time since last request: 3.131815 seconds.
  path: Assets/Creature B.prefab
  artifactKey: Guid(0d590d4faa56ab94c8c4053a51697cdc) Importer(815301076,1909f56bfc062723c751e8b465ee728b)
Start importing Assets/Creature B.prefab using Guid(0d590d4faa56ab94c8c4053a51697cdc) Importer(815301076,1909f56bfc062723c751e8b465ee728b)  -> (artifact id: '23942b688a83c78c110051f316d14194') in 0.109428 seconds 
========================================================================
Received Import Request.
  Time since last request: 0.127228 seconds.
  path: Assets/Creature B.prefab
  artifactKey: Guid(0d590d4faa56ab94c8c4053a51697cdc) Importer(815301076,1909f56bfc062723c751e8b465ee728b)
Start importing Assets/Creature B.prefab using Guid(0d590d4faa56ab94c8c4053a51697cdc) Importer(815301076,1909f56bfc062723c751e8b465ee728b)  -> (artifact id: '72a87d6eb310f017c8ff4e1213214def') in 0.096055 seconds 
========================================================================
Received Import Request.
  Time since last request: 0.013967 seconds.
  path: Assets/PurpleDragon.prefab
  artifactKey: Guid(b7951d988245ef64dabe60c0d5661148) Importer(815301076,1909f56bfc062723c751e8b465ee728b)
Start importing Assets/PurpleDragon.prefab using Guid(b7951d988245ef64dabe60c0d5661148) Importer(815301076,1909f56bfc062723c751e8b465ee728b)  -> (artifact id: '723c5dc598fccc31b76b1ceabb96ce91') in 0.101142 seconds 
========================================================================
Received Import Request.
  Time since last request: 1.432639 seconds.
  path: Assets/Creature B.prefab
  artifactKey: Guid(0d590d4faa56ab94c8c4053a51697cdc) Importer(815301076,1909f56bfc062723c751e8b465ee728b)
Start importing Assets/Creature B.prefab using Guid(0d590d4faa56ab94c8c4053a51697cdc) Importer(815301076,1909f56bfc062723c751e8b465ee728b)  -> (artifact id: '59bb4c8d78d1e6bda534dc0ed7c3bb48') in 0.080585 seconds 
========================================================================
Received Import Request.
  Time since last request: 0.012497 seconds.
  path: Assets/PurpleDragon.prefab
  artifactKey: Guid(b7951d988245ef64dabe60c0d5661148) Importer(815301076,1909f56bfc062723c751e8b465ee728b)
Start importing Assets/PurpleDragon.prefab using Guid(b7951d988245ef64dabe60c0d5661148) Importer(815301076,1909f56bfc062723c751e8b465ee728b)  -> (artifact id: '1ec0e580b5055c07aa56aec30480f4b7') in 0.103270 seconds 
========================================================================
Received Import Request.
  Time since last request: 12.782361 seconds.
  path: Assets/Creature B.prefab
  artifactKey: Guid(0d590d4faa56ab94c8c4053a51697cdc) Importer(815301076,1909f56bfc062723c751e8b465ee728b)
Start importing Assets/Creature B.prefab using Guid(0d590d4faa56ab94c8c4053a51697cdc) Importer(815301076,1909f56bfc062723c751e8b465ee728b)  -> (artifact id: 'aa15b5349c87d7548befdbb3160acffc') in 0.114452 seconds 
========================================================================
Received Import Request.
  Time since last request: 0.011335 seconds.
  path: Assets/PurpleDragon.prefab
  artifactKey: Guid(b7951d988245ef64dabe60c0d5661148) Importer(815301076,1909f56bfc062723c751e8b465ee728b)
Start importing Assets/PurpleDragon.prefab using Guid(b7951d988245ef64dabe60c0d5661148) Importer(815301076,1909f56bfc062723c751e8b465ee728b)  -> (artifact id: '30695c035c1701f78d639aaacd12cb3e') in 0.091932 seconds 
========================================================================
Received Import Request.
  Time since last request: 5.508075 seconds.
  path: Assets/Creature B.prefab
  artifactKey: Guid(0d590d4faa56ab94c8c4053a51697cdc) Importer(815301076,1909f56bfc062723c751e8b465ee728b)
Start importing Assets/Creature B.prefab using Guid(0d590d4faa56ab94c8c4053a51697cdc) Importer(815301076,1909f56bfc062723c751e8b465ee728b)  -> (artifact id: 'eb4c5b2bebfea6ec4ff38f82abc520e6') in 0.077886 seconds 
========================================================================
Received Import Request.
  Time since last request: 0.023592 seconds.
  path: Assets/PurpleDragon.prefab
  artifactKey: Guid(b7951d988245ef64dabe60c0d5661148) Importer(815301076,1909f56bfc062723c751e8b465ee728b)
Start importing Assets/PurpleDragon.prefab using Guid(b7951d988245ef64dabe60c0d5661148) Importer(815301076,1909f56bfc062723c751e8b465ee728b)  -> (artifact id: '1dadea8854702574fce0c43a2f4fa528') in 0.070534 seconds 
========================================================================
Received Import Request.
  Time since last request: 12.393071 seconds.
  path: Assets/Creature B.prefab
  artifactKey: Guid(0d590d4faa56ab94c8c4053a51697cdc) Importer(815301076,1909f56bfc062723c751e8b465ee728b)
Start importing Assets/Creature B.prefab using Guid(0d590d4faa56ab94c8c4053a51697cdc) Importer(815301076,1909f56bfc062723c751e8b465ee728b)  -> (artifact id: 'f02ab39157a6df297334935f63eb6020') in 0.065975 seconds 
========================================================================
Received Import Request.
  Time since last request: 20.078155 seconds.
  path: Assets/Creature B.prefab
  artifactKey: Guid(0d590d4faa56ab94c8c4053a51697cdc) Importer(815301076,1909f56bfc062723c751e8b465ee728b)
Start importing Assets/Creature B.prefab using Guid(0d590d4faa56ab94c8c4053a51697cdc) Importer(815301076,1909f56bfc062723c751e8b465ee728b)  -> (artifact id: 'eed920178393f3ddd9c568bc17fff32a') in 0.073700 seconds 
========================================================================
Received Import Request.
  Time since last request: 0.009157 seconds.
  path: Assets/PurpleDragon.prefab
  artifactKey: Guid(b7951d988245ef64dabe60c0d5661148) Importer(815301076,1909f56bfc062723c751e8b465ee728b)
Start importing Assets/PurpleDragon.prefab using Guid(b7951d988245ef64dabe60c0d5661148) Importer(815301076,1909f56bfc062723c751e8b465ee728b)  -> (artifact id: '2f77b1573e8ca5c0f18633e619b64918') in 0.064331 seconds 
========================================================================
Received Import Request.
  Time since last request: 280.390672 seconds.
  path: Assets/Creature B.prefab
  artifactKey: Guid(0d590d4faa56ab94c8c4053a51697cdc) Importer(815301076,1909f56bfc062723c751e8b465ee728b)
Start importing Assets/Creature B.prefab using Guid(0d590d4faa56ab94c8c4053a51697cdc) Importer(815301076,1909f56bfc062723c751e8b465ee728b)  -> (artifact id: '915a647e9619de46199ca7eb0b4683e6') in 0.066454 seconds 
========================================================================
Received Prepare
Registering precompiled user dll's ...
Registered in 0.010216 seconds.
Begin MonoManager ReloadAssembly
Native extension for WindowsStandalone target not found
Native extension for WebGL target not found
Refreshing native plugins compatible for Editor in 0.76 ms, found 1 plugins.
Preloading 0 native plugins for Editor in 0.00 ms.
Mono: successfully reloaded assembly
- Completed reload, in  2.966 seconds
Platform modules already initialized, skipping
Refreshing native plugins compatible for Editor in 0.50 ms, found 1 plugins.
Preloading 0 native plugins for Editor in 0.00 ms.
Unloading 2677 Unused Serialized files (Serialized files now loaded: 0)
System memory in use before: 268.5 MB.
System memory in use after: 268.7 MB.

Unloading 12 unused Assets to reduce memory usage. Loaded Objects now: 3308.
Total: 5.214100 ms (FindLiveObjects: 0.675300 ms CreateObjectMapping: 1.039800 ms MarkObjects: 3.265500 ms  DeleteObjects: 0.199200 ms)

AssetImportParameters requested are different than current active one (requested -> active):
  graphicsApiMask: 131076 -> 4
========================================================================
Received Prepare
Registering precompiled user dll's ...
Registered in 0.005776 seconds.
Begin MonoManager ReloadAssembly
Native extension for WindowsStandalone target not found
Native extension for WebGL target not found
Refreshing native plugins compatible for Editor in 0.55 ms, found 1 plugins.
Preloading 0 native plugins for Editor in 0.00 ms.
Mono: successfully reloaded assembly
- Completed reload, in  1.550 seconds
Platform modules already initialized, skipping
Refreshing native plugins compatible for Editor in 0.53 ms, found 1 plugins.
Preloading 0 native plugins for Editor in 0.00 ms.
Unloading 2677 Unused Serialized files (Serialized files now loaded: 0)
System memory in use before: 268.5 MB.
System memory in use after: 268.7 MB.

Unloading 10 unused Assets to reduce memory usage. Loaded Objects now: 3310.
Total: 2.006000 ms (FindLiveObjects: 0.226300 ms CreateObjectMapping: 0.110600 ms MarkObjects: 1.578400 ms  DeleteObjects: 0.089400 ms)

AssetImportParameters requested are different than current active one (requested -> active):
  graphicsApiMask: 131076 -> 4
========================================================================
Received Prepare
Registering precompiled user dll's ...
Registered in 0.005630 seconds.
Begin MonoManager ReloadAssembly
Native extension for WindowsStandalone target not found
Native extension for WebGL target not found
Refreshing native plugins compatible for Editor in 1.05 ms, found 1 plugins.
Preloading 0 native plugins for Editor in 0.00 ms.
Mono: successfully reloaded assembly
- Completed reload, in  1.584 seconds
Platform modules already initialized, skipping
Refreshing native plugins compatible for Editor in 0.54 ms, found 1 plugins.
Preloading 0 native plugins for Editor in 0.00 ms.
Unloading 2677 Unused Serialized files (Serialized files now loaded: 0)
System memory in use before: 268.5 MB.
System memory in use after: 268.7 MB.

Unloading 10 unused Assets to reduce memory usage. Loaded Objects now: 3312.
Total: 7.411200 ms (FindLiveObjects: 0.374300 ms CreateObjectMapping: 0.162500 ms MarkObjects: 6.761500 ms  DeleteObjects: 0.111200 ms)

AssetImportParameters requested are different than current active one (requested -> active):
  graphicsApiMask: 131076 -> 4
========================================================================
Received Prepare
Registering precompiled user dll's ...
Registered in 0.005369 seconds.
Begin MonoManager ReloadAssembly
Native extension for WindowsStandalone target not found
Native extension for WebGL target not found
Refreshing native plugins compatible for Editor in 0.48 ms, found 1 plugins.
Preloading 0 native plugins for Editor in 0.00 ms.
Mono: successfully reloaded assembly
- Completed reload, in  1.378 seconds
Platform modules already initialized, skipping
Refreshing native plugins compatible for Editor in 0.79 ms, found 1 plugins.
Preloading 0 native plugins for Editor in 0.00 ms.
Unloading 2677 Unused Serialized files (Serialized files now loaded: 0)
System memory in use before: 268.5 MB.
System memory in use after: 268.7 MB.

Unloading 10 unused Assets to reduce memory usage. Loaded Objects now: 3314.
Total: 3.266400 ms (FindLiveObjects: 0.234600 ms CreateObjectMapping: 0.116800 ms MarkObjects: 2.806700 ms  DeleteObjects: 0.106300 ms)

AssetImportParameters requested are different than current active one (requested -> active):
  graphicsApiMask: 131076 -> 4
AssetImportWorkerClient::OnTransportError - code=2 error=End of file
